{"C:\\Users\\Harris\\futureproof\\LAP3_Project_Week\\agatha-quiztees\\src\\App.js": {"path":"C:\\Users\\Harris\\futureproof\\LAP3_Project_Week\\agatha-quiztees\\src\\App.js","statementMap":{"0":{"start":{"line":13,"column":2},"end":{"line":45,"column":4}}},"fnMap":{"0":{"name":"App","decl":{"start":{"line":12,"column":9},"end":{"line":12,"column":12}},"loc":{"start":{"line":12,"column":15},"end":{"line":46,"column":1}},"line":12}},"branchMap":{},"s":{"0":0},"f":{"0":0},"b":{}}
,"C:\\Users\\Harris\\futureproof\\LAP3_Project_Week\\agatha-quiztees\\src\\index.js": {"path":"C:\\Users\\Harris\\futureproof\\LAP3_Project_Week\\agatha-quiztees\\src\\index.js","statementMap":{"0":{"start":{"line":11,"column":0},"end":{"line":22,"column":2}},"1":{"start":{"line":27,"column":0},"end":{"line":27,"column":27}}},"fnMap":{},"branchMap":{},"s":{"0":0,"1":0},"f":{},"b":{}}
,"C:\\Users\\Harris\\futureproof\\LAP3_Project_Week\\agatha-quiztees\\src\\serviceWorker.js": {"path":"C:\\Users\\Harris\\futureproof\\LAP3_Project_Week\\agatha-quiztees\\src\\serviceWorker.js","statementMap":{"0":{"start":{"line":13,"column":20},"end":{"line":21,"column":1}},"1":{"start":{"line":24,"column":2},"end":{"line":54,"column":3}},"2":{"start":{"line":26,"column":22},"end":{"line":26,"column":75}},"3":{"start":{"line":27,"column":4},"end":{"line":32,"column":5}},"4":{"start":{"line":31,"column":6},"end":{"line":31,"column":13}},"5":{"start":{"line":34,"column":4},"end":{"line":53,"column":7}},"6":{"start":{"line":35,"column":20},"end":{"line":35,"column":65}},"7":{"start":{"line":37,"column":6},"end":{"line":52,"column":7}},"8":{"start":{"line":39,"column":8},"end":{"line":39,"column":47}},"9":{"start":{"line":43,"column":8},"end":{"line":48,"column":11}},"10":{"start":{"line":44,"column":10},"end":{"line":47,"column":12}},"11":{"start":{"line":51,"column":8},"end":{"line":51,"column":39}},"12":{"start":{"line":58,"column":2},"end":{"line":98,"column":7}},"13":{"start":{"line":61,"column":6},"end":{"line":94,"column":8}},"14":{"start":{"line":62,"column":33},"end":{"line":62,"column":56}},"15":{"start":{"line":63,"column":8},"end":{"line":65,"column":9}},"16":{"start":{"line":64,"column":10},"end":{"line":64,"column":17}},"17":{"start":{"line":66,"column":8},"end":{"line":93,"column":10}},"18":{"start":{"line":67,"column":10},"end":{"line":92,"column":11}},"19":{"start":{"line":68,"column":12},"end":{"line":91,"column":13}},"20":{"start":{"line":72,"column":14},"end":{"line":75,"column":16}},"21":{"start":{"line":78,"column":14},"end":{"line":80,"column":15}},"22":{"start":{"line":79,"column":16},"end":{"line":79,"column":46}},"23":{"start":{"line":85,"column":14},"end":{"line":85,"column":64}},"24":{"start":{"line":88,"column":14},"end":{"line":90,"column":15}},"25":{"start":{"line":89,"column":16},"end":{"line":89,"column":47}},"26":{"start":{"line":97,"column":6},"end":{"line":97,"column":72}},"27":{"start":{"line":103,"column":2},"end":{"line":128,"column":7}},"28":{"start":{"line":108,"column":26},"end":{"line":108,"column":62}},"29":{"start":{"line":109,"column":6},"end":{"line":122,"column":7}},"30":{"start":{"line":114,"column":8},"end":{"line":118,"column":11}},"31":{"start":{"line":115,"column":10},"end":{"line":117,"column":13}},"32":{"start":{"line":116,"column":12},"end":{"line":116,"column":37}},"33":{"start":{"line":121,"column":8},"end":{"line":121,"column":39}},"34":{"start":{"line":125,"column":6},"end":{"line":127,"column":8}},"35":{"start":{"line":132,"column":2},"end":{"line":136,"column":3}},"36":{"start":{"line":133,"column":4},"end":{"line":135,"column":7}},"37":{"start":{"line":134,"column":6},"end":{"line":134,"column":32}}},"fnMap":{"0":{"name":"register","decl":{"start":{"line":23,"column":16},"end":{"line":23,"column":24}},"loc":{"start":{"line":23,"column":33},"end":{"line":55,"column":1}},"line":23},"1":{"name":"(anonymous_1)","decl":{"start":{"line":34,"column":36},"end":{"line":34,"column":37}},"loc":{"start":{"line":34,"column":42},"end":{"line":53,"column":5}},"line":34},"2":{"name":"(anonymous_2)","decl":{"start":{"line":43,"column":43},"end":{"line":43,"column":44}},"loc":{"start":{"line":43,"column":49},"end":{"line":48,"column":9}},"line":43},"3":{"name":"registerValidSW","decl":{"start":{"line":57,"column":9},"end":{"line":57,"column":24}},"loc":{"start":{"line":57,"column":40},"end":{"line":99,"column":1}},"line":57},"4":{"name":"(anonymous_4)","decl":{"start":{"line":60,"column":10},"end":{"line":60,"column":11}},"loc":{"start":{"line":60,"column":28},"end":{"line":95,"column":5}},"line":60},"5":{"name":"(anonymous_5)","decl":{"start":{"line":61,"column":35},"end":{"line":61,"column":36}},"loc":{"start":{"line":61,"column":41},"end":{"line":94,"column":7}},"line":61},"6":{"name":"(anonymous_6)","decl":{"start":{"line":66,"column":41},"end":{"line":66,"column":42}},"loc":{"start":{"line":66,"column":47},"end":{"line":93,"column":9}},"line":66},"7":{"name":"(anonymous_7)","decl":{"start":{"line":96,"column":11},"end":{"line":96,"column":12}},"loc":{"start":{"line":96,"column":22},"end":{"line":98,"column":5}},"line":96},"8":{"name":"checkValidServiceWorker","decl":{"start":{"line":101,"column":9},"end":{"line":101,"column":32}},"loc":{"start":{"line":101,"column":48},"end":{"line":129,"column":1}},"line":101},"9":{"name":"(anonymous_9)","decl":{"start":{"line":106,"column":10},"end":{"line":106,"column":11}},"loc":{"start":{"line":106,"column":24},"end":{"line":123,"column":5}},"line":106},"10":{"name":"(anonymous_10)","decl":{"start":{"line":114,"column":43},"end":{"line":114,"column":44}},"loc":{"start":{"line":114,"column":61},"end":{"line":118,"column":9}},"line":114},"11":{"name":"(anonymous_11)","decl":{"start":{"line":115,"column":41},"end":{"line":115,"column":42}},"loc":{"start":{"line":115,"column":47},"end":{"line":117,"column":11}},"line":115},"12":{"name":"(anonymous_12)","decl":{"start":{"line":124,"column":11},"end":{"line":124,"column":12}},"loc":{"start":{"line":124,"column":17},"end":{"line":128,"column":5}},"line":124},"13":{"name":"unregister","decl":{"start":{"line":131,"column":16},"end":{"line":131,"column":26}},"loc":{"start":{"line":131,"column":29},"end":{"line":137,"column":1}},"line":131},"14":{"name":"(anonymous_14)","decl":{"start":{"line":133,"column":39},"end":{"line":133,"column":40}},"loc":{"start":{"line":133,"column":57},"end":{"line":135,"column":5}},"line":133}},"branchMap":{"0":{"loc":{"start":{"line":14,"column":2},"end":{"line":20,"column":5}},"type":"binary-expr","locations":[{"start":{"line":14,"column":2},"end":{"line":14,"column":42}},{"start":{"line":16,"column":4},"end":{"line":16,"column":40}},{"start":{"line":18,"column":4},"end":{"line":20,"column":5}}],"line":14},"1":{"loc":{"start":{"line":24,"column":2},"end":{"line":54,"column":3}},"type":"if","locations":[{"start":{"line":24,"column":2},"end":{"line":54,"column":3}},{"start":{"line":24,"column":2},"end":{"line":54,"column":3}}],"line":24},"2":{"loc":{"start":{"line":24,"column":6},"end":{"line":24,"column":75}},"type":"binary-expr","locations":[{"start":{"line":24,"column":6},"end":{"line":24,"column":43}},{"start":{"line":24,"column":47},"end":{"line":24,"column":75}}],"line":24},"3":{"loc":{"start":{"line":27,"column":4},"end":{"line":32,"column":5}},"type":"if","locations":[{"start":{"line":27,"column":4},"end":{"line":32,"column":5}},{"start":{"line":27,"column":4},"end":{"line":32,"column":5}}],"line":27},"4":{"loc":{"start":{"line":37,"column":6},"end":{"line":52,"column":7}},"type":"if","locations":[{"start":{"line":37,"column":6},"end":{"line":52,"column":7}},{"start":{"line":37,"column":6},"end":{"line":52,"column":7}}],"line":37},"5":{"loc":{"start":{"line":63,"column":8},"end":{"line":65,"column":9}},"type":"if","locations":[{"start":{"line":63,"column":8},"end":{"line":65,"column":9}},{"start":{"line":63,"column":8},"end":{"line":65,"column":9}}],"line":63},"6":{"loc":{"start":{"line":67,"column":10},"end":{"line":92,"column":11}},"type":"if","locations":[{"start":{"line":67,"column":10},"end":{"line":92,"column":11}},{"start":{"line":67,"column":10},"end":{"line":92,"column":11}}],"line":67},"7":{"loc":{"start":{"line":68,"column":12},"end":{"line":91,"column":13}},"type":"if","locations":[{"start":{"line":68,"column":12},"end":{"line":91,"column":13}},{"start":{"line":68,"column":12},"end":{"line":91,"column":13}}],"line":68},"8":{"loc":{"start":{"line":78,"column":14},"end":{"line":80,"column":15}},"type":"if","locations":[{"start":{"line":78,"column":14},"end":{"line":80,"column":15}},{"start":{"line":78,"column":14},"end":{"line":80,"column":15}}],"line":78},"9":{"loc":{"start":{"line":78,"column":18},"end":{"line":78,"column":43}},"type":"binary-expr","locations":[{"start":{"line":78,"column":18},"end":{"line":78,"column":24}},{"start":{"line":78,"column":28},"end":{"line":78,"column":43}}],"line":78},"10":{"loc":{"start":{"line":88,"column":14},"end":{"line":90,"column":15}},"type":"if","locations":[{"start":{"line":88,"column":14},"end":{"line":90,"column":15}},{"start":{"line":88,"column":14},"end":{"line":90,"column":15}}],"line":88},"11":{"loc":{"start":{"line":88,"column":18},"end":{"line":88,"column":44}},"type":"binary-expr","locations":[{"start":{"line":88,"column":18},"end":{"line":88,"column":24}},{"start":{"line":88,"column":28},"end":{"line":88,"column":44}}],"line":88},"12":{"loc":{"start":{"line":109,"column":6},"end":{"line":122,"column":7}},"type":"if","locations":[{"start":{"line":109,"column":6},"end":{"line":122,"column":7}},{"start":{"line":109,"column":6},"end":{"line":122,"column":7}}],"line":109},"13":{"loc":{"start":{"line":110,"column":8},"end":{"line":111,"column":73}},"type":"binary-expr","locations":[{"start":{"line":110,"column":8},"end":{"line":110,"column":31}},{"start":{"line":111,"column":9},"end":{"line":111,"column":28}},{"start":{"line":111,"column":32},"end":{"line":111,"column":72}}],"line":110},"14":{"loc":{"start":{"line":132,"column":2},"end":{"line":136,"column":3}},"type":"if","locations":[{"start":{"line":132,"column":2},"end":{"line":136,"column":3}},{"start":{"line":132,"column":2},"end":{"line":136,"column":3}}],"line":132}},"s":{"0":0,"1":0,"2":0,"3":0,"4":0,"5":0,"6":0,"7":0,"8":0,"9":0,"10":0,"11":0,"12":0,"13":0,"14":0,"15":0,"16":0,"17":0,"18":0,"19":0,"20":0,"21":0,"22":0,"23":0,"24":0,"25":0,"26":0,"27":0,"28":0,"29":0,"30":0,"31":0,"32":0,"33":0,"34":0,"35":0,"36":0,"37":0},"f":{"0":0,"1":0,"2":0,"3":0,"4":0,"5":0,"6":0,"7":0,"8":0,"9":0,"10":0,"11":0,"12":0,"13":0,"14":0},"b":{"0":[0,0,0],"1":[0,0],"2":[0,0],"3":[0,0],"4":[0,0],"5":[0,0],"6":[0,0],"7":[0,0],"8":[0,0],"9":[0,0],"10":[0,0],"11":[0,0],"12":[0,0],"13":[0,0,0],"14":[0,0]}}
,"C:\\Users\\Harris\\futureproof\\LAP3_Project_Week\\agatha-quiztees\\src\\store.js": {"path":"C:\\Users\\Harris\\futureproof\\LAP3_Project_Week\\agatha-quiztees\\src\\store.js","statementMap":{"0":{"start":{"line":8,"column":22},"end":{"line":11,"column":1}},"1":{"start":{"line":13,"column":25},"end":{"line":13,"column":67}},"2":{"start":{"line":15,"column":14},"end":{"line":15,"column":66}},"3":{"start":{"line":16,"column":18},"end":{"line":16,"column":37}}},"fnMap":{},"branchMap":{},"s":{"0":1,"1":1,"2":1,"3":1},"f":{},"b":{},"_coverageSchema":"1a1c01bbd47fc00a2c39e90264f33305004495a9","hash":"2a87b65798b1a1954617b9db8e22de6be564a0c2"}
,"C:\\Users\\Harris\\futureproof\\LAP3_Project_Week\\agatha-quiztees\\src\\Layout\\index.js": {"path":"C:\\Users\\Harris\\futureproof\\LAP3_Project_Week\\agatha-quiztees\\src\\Layout\\index.js","statementMap":{},"fnMap":{},"branchMap":{},"s":{},"f":{},"b":{}}
,"C:\\Users\\Harris\\futureproof\\LAP3_Project_Week\\agatha-quiztees\\src\\Layout\\Footer\\index.js": {"path":"C:\\Users\\Harris\\futureproof\\LAP3_Project_Week\\agatha-quiztees\\src\\Layout\\Footer\\index.js","statementMap":{"0":{"start":{"line":3,"column":15},"end":{"line":39,"column":1}},"1":{"start":{"line":4,"column":2},"end":{"line":38,"column":4}}},"fnMap":{"0":{"name":"(anonymous_0)","decl":{"start":{"line":3,"column":15},"end":{"line":3,"column":16}},"loc":{"start":{"line":3,"column":21},"end":{"line":39,"column":1}},"line":3}},"branchMap":{},"s":{"0":0,"1":0},"f":{"0":0},"b":{}}
,"C:\\Users\\Harris\\futureproof\\LAP3_Project_Week\\agatha-quiztees\\src\\Layout\\Header\\index.js": {"path":"C:\\Users\\Harris\\futureproof\\LAP3_Project_Week\\agatha-quiztees\\src\\Layout\\Header\\index.js","statementMap":{"0":{"start":{"line":3,"column":15},"end":{"line":11,"column":1}},"1":{"start":{"line":4,"column":2},"end":{"line":10,"column":4}}},"fnMap":{"0":{"name":"(anonymous_0)","decl":{"start":{"line":3,"column":15},"end":{"line":3,"column":16}},"loc":{"start":{"line":3,"column":21},"end":{"line":11,"column":1}},"line":3}},"branchMap":{},"s":{"0":0,"1":0},"f":{"0":0},"b":{}}
,"C:\\Users\\Harris\\futureproof\\LAP3_Project_Week\\agatha-quiztees\\src\\Layout\\Navbar\\index.js": {"path":"C:\\Users\\Harris\\futureproof\\LAP3_Project_Week\\agatha-quiztees\\src\\Layout\\Navbar\\index.js","statementMap":{"0":{"start":{"line":3,"column":15},"end":{"line":9,"column":1}},"1":{"start":{"line":4,"column":4},"end":{"line":8,"column":6}}},"fnMap":{"0":{"name":"(anonymous_0)","decl":{"start":{"line":3,"column":15},"end":{"line":3,"column":16}},"loc":{"start":{"line":3,"column":21},"end":{"line":9,"column":1}},"line":3}},"branchMap":{},"s":{"0":0,"1":0},"f":{"0":0},"b":{}}
,"C:\\Users\\Harris\\futureproof\\LAP3_Project_Week\\agatha-quiztees\\src\\Pages\\index.js": {"path":"C:\\Users\\Harris\\futureproof\\LAP3_Project_Week\\agatha-quiztees\\src\\Pages\\index.js","statementMap":{},"fnMap":{},"branchMap":{},"s":{},"f":{},"b":{}}
,"C:\\Users\\Harris\\futureproof\\LAP3_Project_Week\\agatha-quiztees\\src\\Pages\\JoinQuiz\\index.js": {"path":"C:\\Users\\Harris\\futureproof\\LAP3_Project_Week\\agatha-quiztees\\src\\Pages\\JoinQuiz\\index.js","statementMap":{"0":{"start":{"line":3,"column":17},"end":{"line":9,"column":1}},"1":{"start":{"line":4,"column":4},"end":{"line":8,"column":6}}},"fnMap":{"0":{"name":"(anonymous_0)","decl":{"start":{"line":3,"column":17},"end":{"line":3,"column":18}},"loc":{"start":{"line":3,"column":23},"end":{"line":9,"column":1}},"line":3}},"branchMap":{},"s":{"0":0,"1":0},"f":{"0":0},"b":{}}
,"C:\\Users\\Harris\\futureproof\\LAP3_Project_Week\\agatha-quiztees\\src\\Pages\\Landing\\index.js": {"path":"C:\\Users\\Harris\\futureproof\\LAP3_Project_Week\\agatha-quiztees\\src\\Pages\\Landing\\index.js","statementMap":{"0":{"start":{"line":4,"column":16},"end":{"line":13,"column":1}},"1":{"start":{"line":5,"column":2},"end":{"line":12,"column":4}}},"fnMap":{"0":{"name":"(anonymous_0)","decl":{"start":{"line":4,"column":16},"end":{"line":4,"column":17}},"loc":{"start":{"line":4,"column":22},"end":{"line":13,"column":1}},"line":4}},"branchMap":{},"s":{"0":0,"1":0},"f":{"0":0},"b":{}}
,"C:\\Users\\Harris\\futureproof\\LAP3_Project_Week\\agatha-quiztees\\src\\Pages\\Leaderboard\\index.js": {"path":"C:\\Users\\Harris\\futureproof\\LAP3_Project_Week\\agatha-quiztees\\src\\Pages\\Leaderboard\\index.js","statementMap":{"0":{"start":{"line":3,"column":20},"end":{"line":9,"column":1}},"1":{"start":{"line":4,"column":4},"end":{"line":8,"column":6}}},"fnMap":{"0":{"name":"(anonymous_0)","decl":{"start":{"line":3,"column":20},"end":{"line":3,"column":21}},"loc":{"start":{"line":3,"column":26},"end":{"line":9,"column":1}},"line":3}},"branchMap":{},"s":{"0":0,"1":0},"f":{"0":0},"b":{}}
,"C:\\Users\\Harris\\futureproof\\LAP3_Project_Week\\agatha-quiztees\\src\\Pages\\Quiz\\index.js": {"path":"C:\\Users\\Harris\\futureproof\\LAP3_Project_Week\\agatha-quiztees\\src\\Pages\\Quiz\\index.js","statementMap":{"0":{"start":{"line":3,"column":13},"end":{"line":9,"column":1}},"1":{"start":{"line":4,"column":4},"end":{"line":8,"column":6}}},"fnMap":{"0":{"name":"(anonymous_0)","decl":{"start":{"line":3,"column":13},"end":{"line":3,"column":14}},"loc":{"start":{"line":3,"column":19},"end":{"line":9,"column":1}},"line":3}},"branchMap":{},"s":{"0":0,"1":0},"f":{"0":0},"b":{}}
,"C:\\Users\\Harris\\futureproof\\LAP3_Project_Week\\agatha-quiztees\\src\\Pages\\Setup\\index.js": {"path":"C:\\Users\\Harris\\futureproof\\LAP3_Project_Week\\agatha-quiztees\\src\\Pages\\Setup\\index.js","statementMap":{"0":{"start":{"line":3,"column":14},"end":{"line":9,"column":1}},"1":{"start":{"line":4,"column":4},"end":{"line":8,"column":6}}},"fnMap":{"0":{"name":"(anonymous_0)","decl":{"start":{"line":3,"column":14},"end":{"line":3,"column":15}},"loc":{"start":{"line":3,"column":20},"end":{"line":9,"column":1}},"line":3}},"branchMap":{},"s":{"0":0,"1":0},"f":{"0":0},"b":{}}
,"C:\\Users\\Harris\\futureproof\\LAP3_Project_Week\\agatha-quiztees\\src\\Pages\\WaitingRoom\\index.js": {"path":"C:\\Users\\Harris\\futureproof\\LAP3_Project_Week\\agatha-quiztees\\src\\Pages\\WaitingRoom\\index.js","statementMap":{"0":{"start":{"line":3,"column":20},"end":{"line":9,"column":1}},"1":{"start":{"line":4,"column":4},"end":{"line":8,"column":6}}},"fnMap":{"0":{"name":"(anonymous_0)","decl":{"start":{"line":3,"column":20},"end":{"line":3,"column":21}},"loc":{"start":{"line":3,"column":26},"end":{"line":9,"column":1}},"line":3}},"branchMap":{},"s":{"0":0,"1":0},"f":{"0":0},"b":{}}
,"C:\\Users\\Harris\\futureproof\\LAP3_Project_Week\\agatha-quiztees\\src\\actions\\index.js": {"path":"C:\\Users\\Harris\\futureproof\\LAP3_Project_Week\\agatha-quiztees\\src\\actions\\index.js","statementMap":{"0":{"start":{"line":2,"column":23},"end":{"line":9,"column":2}},"1":{"start":{"line":2,"column":51},"end":{"line":9,"column":1}},"2":{"start":{"line":11,"column":21},"end":{"line":11,"column":54}},"3":{"start":{"line":11,"column":28},"end":{"line":11,"column":53}},"4":{"start":{"line":15,"column":25},"end":{"line":15,"column":89}},"5":{"start":{"line":15,"column":40},"end":{"line":15,"column":88}},"6":{"start":{"line":17,"column":22},"end":{"line":17,"column":85}},"7":{"start":{"line":17,"column":38},"end":{"line":17,"column":84}},"8":{"start":{"line":19,"column":16},"end":{"line":19,"column":44}},"9":{"start":{"line":19,"column":23},"end":{"line":19,"column":43}},"10":{"start":{"line":23,"column":22},"end":{"line":23,"column":56}},"11":{"start":{"line":23,"column":29},"end":{"line":23,"column":55}},"12":{"start":{"line":25,"column":19},"end":{"line":25,"column":73}},"13":{"start":{"line":25,"column":32},"end":{"line":25,"column":72}},"14":{"start":{"line":27,"column":17},"end":{"line":27,"column":75}},"15":{"start":{"line":27,"column":27},"end":{"line":27,"column":74}},"16":{"start":{"line":31,"column":21},"end":{"line":39,"column":1}},"17":{"start":{"line":32,"column":4},"end":{"line":38,"column":5}},"18":{"start":{"line":33,"column":8},"end":{"line":33,"column":45}},"19":{"start":{"line":34,"column":26},"end":{"line":34,"column":58}},"20":{"start":{"line":35,"column":8},"end":{"line":35,"column":43}},"21":{"start":{"line":37,"column":8},"end":{"line":37,"column":40}},"22":{"start":{"line":41,"column":18},"end":{"line":49,"column":1}},"23":{"start":{"line":42,"column":4},"end":{"line":48,"column":5}},"24":{"start":{"line":43,"column":8},"end":{"line":43,"column":32}},"25":{"start":{"line":44,"column":29},"end":{"line":44,"column":56}},"26":{"start":{"line":45,"column":8},"end":{"line":45,"column":43}},"27":{"start":{"line":47,"column":8},"end":{"line":47,"column":40}},"28":{"start":{"line":53,"column":25},"end":{"line":62,"column":1}},"29":{"start":{"line":54,"column":4},"end":{"line":61,"column":5}},"30":{"start":{"line":55,"column":21},"end":{"line":55,"column":175}},"31":{"start":{"line":56,"column":21},"end":{"line":56,"column":38}},"32":{"start":{"line":57,"column":29},"end":{"line":57,"column":41}},"33":{"start":{"line":58,"column":8},"end":{"line":58,"column":28}},"34":{"start":{"line":60,"column":8},"end":{"line":60,"column":53}},"35":{"start":{"line":64,"column":22},"end":{"line":73,"column":1}},"36":{"start":{"line":65,"column":4},"end":{"line":72,"column":5}},"37":{"start":{"line":66,"column":21},"end":{"line":66,"column":101}},"38":{"start":{"line":67,"column":21},"end":{"line":67,"column":38}},"39":{"start":{"line":69,"column":8},"end":{"line":69,"column":20}},"40":{"start":{"line":71,"column":8},"end":{"line":71,"column":50}}},"fnMap":{"0":{"name":"(anonymous_0)","decl":{"start":{"line":2,"column":23},"end":{"line":2,"column":24}},"loc":{"start":{"line":2,"column":51},"end":{"line":9,"column":1}},"line":2},"1":{"name":"(anonymous_1)","decl":{"start":{"line":11,"column":21},"end":{"line":11,"column":22}},"loc":{"start":{"line":11,"column":28},"end":{"line":11,"column":53}},"line":11},"2":{"name":"(anonymous_2)","decl":{"start":{"line":15,"column":25},"end":{"line":15,"column":26}},"loc":{"start":{"line":15,"column":40},"end":{"line":15,"column":88}},"line":15},"3":{"name":"(anonymous_3)","decl":{"start":{"line":17,"column":22},"end":{"line":17,"column":23}},"loc":{"start":{"line":17,"column":38},"end":{"line":17,"column":84}},"line":17},"4":{"name":"(anonymous_4)","decl":{"start":{"line":19,"column":16},"end":{"line":19,"column":17}},"loc":{"start":{"line":19,"column":23},"end":{"line":19,"column":43}},"line":19},"5":{"name":"(anonymous_5)","decl":{"start":{"line":23,"column":22},"end":{"line":23,"column":23}},"loc":{"start":{"line":23,"column":29},"end":{"line":23,"column":55}},"line":23},"6":{"name":"(anonymous_6)","decl":{"start":{"line":25,"column":19},"end":{"line":25,"column":20}},"loc":{"start":{"line":25,"column":32},"end":{"line":25,"column":72}},"line":25},"7":{"name":"(anonymous_7)","decl":{"start":{"line":27,"column":17},"end":{"line":27,"column":18}},"loc":{"start":{"line":27,"column":27},"end":{"line":27,"column":74}},"line":27},"8":{"name":"(anonymous_8)","decl":{"start":{"line":31,"column":21},"end":{"line":31,"column":22}},"loc":{"start":{"line":31,"column":51},"end":{"line":39,"column":1}},"line":31},"9":{"name":"(anonymous_9)","decl":{"start":{"line":41,"column":18},"end":{"line":41,"column":19}},"loc":{"start":{"line":41,"column":36},"end":{"line":49,"column":1}},"line":41},"10":{"name":"(anonymous_10)","decl":{"start":{"line":53,"column":25},"end":{"line":53,"column":26}},"loc":{"start":{"line":53,"column":45},"end":{"line":62,"column":1}},"line":53},"11":{"name":"(anonymous_11)","decl":{"start":{"line":64,"column":22},"end":{"line":64,"column":23}},"loc":{"start":{"line":64,"column":40},"end":{"line":73,"column":1}},"line":64}},"branchMap":{"0":{"loc":{"start":{"line":66,"column":33},"end":{"line":66,"column":100}},"type":"cond-expr","locations":[{"start":{"line":66,"column":42},"end":{"line":66,"column":84}},{"start":{"line":66,"column":87},"end":{"line":66,"column":100}}],"line":66}},"s":{"0":1,"1":3,"2":1,"3":1,"4":1,"5":3,"6":1,"7":2,"8":1,"9":3,"10":1,"11":1,"12":1,"13":1,"14":1,"15":3,"16":1,"17":0,"18":0,"19":0,"20":0,"21":0,"22":1,"23":0,"24":0,"25":0,"26":0,"27":0,"28":1,"29":0,"30":0,"31":0,"32":0,"33":0,"34":0,"35":1,"36":0,"37":0,"38":0,"39":0,"40":0},"f":{"0":3,"1":1,"2":3,"3":2,"4":3,"5":1,"6":1,"7":3,"8":0,"9":0,"10":0,"11":0},"b":{"0":[0,0]},"_coverageSchema":"1a1c01bbd47fc00a2c39e90264f33305004495a9","hash":"11bad419bb9f01070bb2dd4e225bdec5dd30bb67"}
,"C:\\Users\\Harris\\futureproof\\LAP3_Project_Week\\agatha-quiztees\\src\\components\\index.js": {"path":"C:\\Users\\Harris\\futureproof\\LAP3_Project_Week\\agatha-quiztees\\src\\components\\index.js","statementMap":{},"fnMap":{},"branchMap":{},"s":{},"f":{},"b":{}}
,"C:\\Users\\Harris\\futureproof\\LAP3_Project_Week\\agatha-quiztees\\src\\components\\Button\\index.js": {"path":"C:\\Users\\Harris\\futureproof\\LAP3_Project_Week\\agatha-quiztees\\src\\components\\Button\\index.js","statementMap":{"0":{"start":{"line":3,"column":15},"end":{"line":9,"column":1}},"1":{"start":{"line":4,"column":4},"end":{"line":8,"column":6}}},"fnMap":{"0":{"name":"(anonymous_0)","decl":{"start":{"line":3,"column":15},"end":{"line":3,"column":16}},"loc":{"start":{"line":3,"column":21},"end":{"line":9,"column":1}},"line":3}},"branchMap":{},"s":{"0":0,"1":0},"f":{"0":0},"b":{}}
,"C:\\Users\\Harris\\futureproof\\LAP3_Project_Week\\agatha-quiztees\\src\\components\\Form\\index.js": {"path":"C:\\Users\\Harris\\futureproof\\LAP3_Project_Week\\agatha-quiztees\\src\\components\\Form\\index.js","statementMap":{"0":{"start":{"line":3,"column":13},"end":{"line":9,"column":1}},"1":{"start":{"line":4,"column":4},"end":{"line":8,"column":6}}},"fnMap":{"0":{"name":"(anonymous_0)","decl":{"start":{"line":3,"column":13},"end":{"line":3,"column":14}},"loc":{"start":{"line":3,"column":19},"end":{"line":9,"column":1}},"line":3}},"branchMap":{},"s":{"0":0,"1":0},"f":{"0":0},"b":{}}
,"C:\\Users\\Harris\\futureproof\\LAP3_Project_Week\\agatha-quiztees\\src\\reducers\\errorReducer.js": {"path":"C:\\Users\\Harris\\futureproof\\LAP3_Project_Week\\agatha-quiztees\\src\\reducers\\errorReducer.js","statementMap":{"0":{"start":{"line":1,"column":18},"end":{"line":3,"column":1}},"1":{"start":{"line":5,"column":21},"end":{"line":16,"column":1}},"2":{"start":{"line":6,"column":4},"end":{"line":15,"column":5}},"3":{"start":{"line":8,"column":12},"end":{"line":8,"column":47}},"4":{"start":{"line":10,"column":12},"end":{"line":10,"column":47}},"5":{"start":{"line":12,"column":12},"end":{"line":12,"column":57}},"6":{"start":{"line":14,"column":12},"end":{"line":14,"column":25}}},"fnMap":{"0":{"name":"(anonymous_0)","decl":{"start":{"line":5,"column":21},"end":{"line":5,"column":22}},"loc":{"start":{"line":5,"column":52},"end":{"line":16,"column":1}},"line":5}},"branchMap":{"0":{"loc":{"start":{"line":5,"column":22},"end":{"line":5,"column":39}},"type":"default-arg","locations":[{"start":{"line":5,"column":30},"end":{"line":5,"column":39}}],"line":5},"1":{"loc":{"start":{"line":6,"column":4},"end":{"line":15,"column":5}},"type":"switch","locations":[{"start":{"line":7,"column":8},"end":{"line":8,"column":47}},{"start":{"line":9,"column":8},"end":{"line":10,"column":47}},{"start":{"line":11,"column":8},"end":{"line":12,"column":57}},{"start":{"line":13,"column":8},"end":{"line":14,"column":25}}],"line":6}},"s":{"0":1,"1":1,"2":23,"3":3,"4":1,"5":3,"6":16},"f":{"0":23},"b":{"0":[4],"1":[3,1,3,16]},"_coverageSchema":"1a1c01bbd47fc00a2c39e90264f33305004495a9","hash":"05b6d5f0151b9b891789e60df2fcee5aac1aa870"}
,"C:\\Users\\Harris\\futureproof\\LAP3_Project_Week\\agatha-quiztees\\src\\reducers\\gameplayReducers.js": {"path":"C:\\Users\\Harris\\futureproof\\LAP3_Project_Week\\agatha-quiztees\\src\\reducers\\gameplayReducers.js","statementMap":{"0":{"start":{"line":2,"column":0},"end":{"line":7,"column":1}},"1":{"start":{"line":10,"column":24},"end":{"line":19,"column":1}},"2":{"start":{"line":11,"column":4},"end":{"line":18,"column":5}},"3":{"start":{"line":13,"column":12},"end":{"line":13,"column":123}},"4":{"start":{"line":15,"column":12},"end":{"line":15,"column":70}},"5":{"start":{"line":17,"column":12},"end":{"line":17,"column":25}}},"fnMap":{"0":{"name":"(anonymous_0)","decl":{"start":{"line":10,"column":24},"end":{"line":10,"column":25}},"loc":{"start":{"line":10,"column":55},"end":{"line":19,"column":1}},"line":10}},"branchMap":{"0":{"loc":{"start":{"line":10,"column":25},"end":{"line":10,"column":42}},"type":"default-arg","locations":[{"start":{"line":10,"column":33},"end":{"line":10,"column":42}}],"line":10},"1":{"loc":{"start":{"line":11,"column":4},"end":{"line":18,"column":5}},"type":"switch","locations":[{"start":{"line":12,"column":8},"end":{"line":13,"column":123}},{"start":{"line":14,"column":8},"end":{"line":15,"column":70}},{"start":{"line":16,"column":8},"end":{"line":17,"column":25}}],"line":11}},"s":{"0":1,"1":1,"2":23,"3":3,"4":1,"5":19},"f":{"0":23},"b":{"0":[4],"1":[3,1,19]},"_coverageSchema":"1a1c01bbd47fc00a2c39e90264f33305004495a9","hash":"b2c3a3c3104c90b1a7aa6a7aade522cfa975daa6"}
,"C:\\Users\\Harris\\futureproof\\LAP3_Project_Week\\agatha-quiztees\\src\\reducers\\index.js": {"path":"C:\\Users\\Harris\\futureproof\\LAP3_Project_Week\\agatha-quiztees\\src\\reducers\\index.js","statementMap":{"0":{"start":{"line":8,"column":20},"end":{"line":14,"column":6}}},"fnMap":{},"branchMap":{},"s":{"0":1},"f":{},"b":{},"_coverageSchema":"1a1c01bbd47fc00a2c39e90264f33305004495a9","hash":"7b3d814895e6fee42f778f2f33b3f05693f48e16"}
,"C:\\Users\\Harris\\futureproof\\LAP3_Project_Week\\agatha-quiztees\\src\\reducers\\questionsReducer.js": {"path":"C:\\Users\\Harris\\futureproof\\LAP3_Project_Week\\agatha-quiztees\\src\\reducers\\questionsReducer.js","statementMap":{"0":{"start":{"line":2,"column":0},"end":{"line":6,"column":1}},"1":{"start":{"line":8,"column":25},"end":{"line":19,"column":1}},"2":{"start":{"line":9,"column":4},"end":{"line":18,"column":5}},"3":{"start":{"line":11,"column":12},"end":{"line":11,"column":77}},"4":{"start":{"line":13,"column":12},"end":{"line":13,"column":77}},"5":{"start":{"line":15,"column":12},"end":{"line":15,"column":80}},"6":{"start":{"line":17,"column":12},"end":{"line":17,"column":25}}},"fnMap":{"0":{"name":"(anonymous_0)","decl":{"start":{"line":8,"column":25},"end":{"line":8,"column":26}},"loc":{"start":{"line":8,"column":56},"end":{"line":19,"column":1}},"line":8}},"branchMap":{"0":{"loc":{"start":{"line":8,"column":26},"end":{"line":8,"column":43}},"type":"default-arg","locations":[{"start":{"line":8,"column":34},"end":{"line":8,"column":43}}],"line":8},"1":{"loc":{"start":{"line":9,"column":4},"end":{"line":18,"column":5}},"type":"switch","locations":[{"start":{"line":10,"column":8},"end":{"line":11,"column":77}},{"start":{"line":12,"column":8},"end":{"line":13,"column":77}},{"start":{"line":14,"column":8},"end":{"line":15,"column":80}},{"start":{"line":16,"column":8},"end":{"line":17,"column":25}}],"line":9}},"s":{"0":1,"1":1,"2":23,"3":3,"4":2,"5":3,"6":15},"f":{"0":23},"b":{"0":[4],"1":[3,2,3,15]},"_coverageSchema":"1a1c01bbd47fc00a2c39e90264f33305004495a9","hash":"541bbaa8e1929efe5c4f018af9274f03de4f4ee0"}
,"C:\\Users\\Harris\\futureproof\\LAP3_Project_Week\\agatha-quiztees\\src\\reducers\\scoresReducer.js": {"path":"C:\\Users\\Harris\\futureproof\\LAP3_Project_Week\\agatha-quiztees\\src\\reducers\\scoresReducer.js","statementMap":{"0":{"start":{"line":1,"column":18},"end":{"line":3,"column":1}},"1":{"start":{"line":5,"column":22},"end":{"line":12,"column":1}},"2":{"start":{"line":6,"column":4},"end":{"line":11,"column":5}},"3":{"start":{"line":8,"column":12},"end":{"line":8,"column":62}},"4":{"start":{"line":10,"column":12},"end":{"line":10,"column":25}}},"fnMap":{"0":{"name":"(anonymous_0)","decl":{"start":{"line":5,"column":22},"end":{"line":5,"column":23}},"loc":{"start":{"line":5,"column":53},"end":{"line":12,"column":1}},"line":5}},"branchMap":{"0":{"loc":{"start":{"line":5,"column":23},"end":{"line":5,"column":40}},"type":"default-arg","locations":[{"start":{"line":5,"column":31},"end":{"line":5,"column":40}}],"line":5},"1":{"loc":{"start":{"line":6,"column":4},"end":{"line":11,"column":5}},"type":"switch","locations":[{"start":{"line":7,"column":8},"end":{"line":8,"column":62}},{"start":{"line":9,"column":8},"end":{"line":10,"column":25}}],"line":6}},"s":{"0":1,"1":1,"2":23,"3":1,"4":22},"f":{"0":23},"b":{"0":[4],"1":[1,22]},"_coverageSchema":"1a1c01bbd47fc00a2c39e90264f33305004495a9","hash":"bc7bc0b96f370fd2fc5f8be68a1e2e807ccf9254"}
,"C:\\Users\\Harris\\futureproof\\LAP3_Project_Week\\agatha-quiztees\\src\\test\\setupTests.js": {"path":"C:\\Users\\Harris\\futureproof\\LAP3_Project_Week\\agatha-quiztees\\src\\test\\setupTests.js","statementMap":{},"fnMap":{},"branchMap":{},"s":{},"f":{},"b":{}}
}
